<?xml version="1.0" encoding="UTF-8"?>
<!-- Generated by org.testng.reporters.JUnitReportReporter -->
<testsuite hostname="Mahesh" failures="0" tests="1" name="com.opencart.testLayer.LoginPageTest" time="42.261" errors="0" timestamp="2024-12-15T13:55:11 IST" skipped="0">
  <testcase classname="com.opencart.testLayer.LoginPageTest" name="verifyLoginTest" time="42.261"/>
  <system-out/>
</testsuite> <!-- com.opencart.testLayer.LoginPageTest -->
